[2023-01-26 16:19:16] local.INFO: array (
  'TIPO' => 'RESPUESTA SRI',
  'RESPUESTA' => 
  (object) array(
     'RespuestaRecepcionComprobante' => 
    (object) array(
       'estado' => 'RECIBIDA',
       'comprobantes' => 
      (object) array(
      ),
    ),
  ),
)  
[2023-01-26 16:36:34] local.INFO: array (
  'TIPO' => 'RESPUESTA SRI',
  'RESPUESTA' => 
  (object) array(
     'RespuestaRecepcionComprobante' => 
    (object) array(
       'estado' => 'RECIBIDA',
       'comprobantes' => 
      (object) array(
         'comprobante' => 
        (object) array(
           'claveAcceso' => 'N/A',
           'mensajes' => 
          (object) array(
             'mensaje' => 
            (object) array(
               'identificador' => '49',
               'mensaje' => 'ARCHIVOS ENVIADOS NO CUMPLEN LAS ESPECIFICACIONES ESTABLECIDAS: EXTENSION, CODIFICACION',
               'tipo' => 'ERROR',
            ),
          ),
        ),
      ),
    ),
  ),
)  
[2023-01-26 16:37:07] local.INFO: array (
  'TIPO' => 'RESPUESTA SRI',
  'RESPUESTA' => 
  (object) array(
     'RespuestaRecepcionComprobante' => 
    (object) array(
       'estado' => 'RECIBIDA',
       'comprobantes' => 
      (object) array(
         'comprobante' => 
        (object) array(
           'claveAcceso' => 'N/A',
           'mensajes' => 
          (object) array(
             'mensaje' => 
            (object) array(
               'identificador' => '49',
               'mensaje' => 'ARCHIVOS ENVIADOS NO CUMPLEN LAS ESPECIFICACIONES ESTABLECIDAS: EXTENSION, CODIFICACION',
               'tipo' => 'ERROR',
            ),
          ),
        ),
      ),
    ),
  ),
)  
[2023-01-26 16:37:28] local.INFO: array (
  'TIPO' => 'RESPUESTA SRI',
  'RESPUESTA' => 
  (object) array(
     'RespuestaRecepcionComprobante' => 
    (object) array(
       'comprobantes' => 
      (object) array(
         'comprobante' => 
        (object) array(
           'claveAcceso' => 'N/A',
           'mensajes' => 
          (object) array(
             'mensaje' => 
            (object) array(
               'identificador' => '35',
               'mensaje' => 'ARCHIVO NO CUMPLE ESTRUCTURA XML',
               'informacionAdicional' => 'ec.gob.sri.comprobantes.electronicos.api.excepcion.ConversionArchivoXMLException: Error al convertir el archivo xml',
               'tipo' => 'ERROR',
            ),
          ),
        ),
      ),
    ),
  ),
)  
[2023-01-26 16:38:00] local.INFO: array (
  'TIPO' => 'RESPUESTA SRI',
  'RESPUESTA' => 
  (object) array(
     'RespuestaRecepcionComprobante' => 
    (object) array(
       'estado' => 'RECIBIDA',
       'comprobantes' => 
      (object) array(
         'comprobante' => 
        (object) array(
           'claveAcceso' => 'N/A',
           'mensajes' => 
          (object) array(
             'mensaje' => 
            (object) array(
               'identificador' => '49',
               'mensaje' => 'ARCHIVOS ENVIADOS NO CUMPLEN LAS ESPECIFICACIONES ESTABLECIDAS: EXTENSION, CODIFICACION',
               'tipo' => 'ERROR',
            ),
          ),
        ),
      ),
    ),
  ),
)  
[2023-01-26 16:38:22] local.INFO: array (
  'TIPO' => 'RESPUESTA SRI',
  'RESPUESTA' => 
  (object) array(
     'RespuestaRecepcionComprobante' => 
    (object) array(
       'estado' => 'RECIBIDA',
       'comprobantes' => 
      (object) array(
      ),
    ),
  ),
)  
[2023-01-26 16:40:29] local.INFO: array (
  'TIPO' => 'INFO GENERADA',
  'XML numero legal' => '26012023164029.xml',
)  
[2023-01-26 16:40:33] local.ERROR: SQLSTATE[23000]: Integrity constraint violation: 1048 Column 'usuario_modifica' cannot be null (SQL: insert into `documento_invalido` (`cliente_id`, `nombre_archivo`, `clave_acceso`, `cod_doc`, `estab`, `ptoEmi`, `secuencial`, `fecha_emision`, `codigo_principal`, `unidad_negocio`, `codigo_interno`, `cod_sociedad`, `valor_documento`, `fecha_firma`, `enviado_sri`, `fecha_envio_sri`, `enviado_mail`, `fecha_envio_mail`, `usuario_creacion`, `usuario_modifica`, `estado`, `mensaje_estado`, `numero_autorizacion`, `fecha_autorizacion`, `contingencia`, `migrado`, `path`, `html`, `estado_interno`, `pendiente_respuesta`, `subtotal`, `valor_iva`, `error`, `updated_at`, `created_at`) values (1, 26012023161601.xml, 2601202301175770358000110301052166236252015885110, 01, 030, 105, 216623625, 2023-01-26, , , bb, aa, 112, 2023-01-26 16:16:07, 0, 2023-01-26 16:16:07, , , , , FIRMADO, , , , 0, , public/Documentos/Firmados/2023/01/26/26012023161601.xml, , Firmado, 1, 100, 12, , 2023-01-26 16:40:33, 2023-01-26 16:40:33)) {"exception":"[object] (Illuminate\\Database\\QueryException(code: 23000): SQLSTATE[23000]: Integrity constraint violation: 1048 Column 'usuario_modifica' cannot be null (SQL: insert into `documento_invalido` (`cliente_id`, `nombre_archivo`, `clave_acceso`, `cod_doc`, `estab`, `ptoEmi`, `secuencial`, `fecha_emision`, `codigo_principal`, `unidad_negocio`, `codigo_interno`, `cod_sociedad`, `valor_documento`, `fecha_firma`, `enviado_sri`, `fecha_envio_sri`, `enviado_mail`, `fecha_envio_mail`, `usuario_creacion`, `usuario_modifica`, `estado`, `mensaje_estado`, `numero_autorizacion`, `fecha_autorizacion`, `contingencia`, `migrado`, `path`, `html`, `estado_interno`, `pendiente_respuesta`, `subtotal`, `valor_iva`, `error`, `updated_at`, `created_at`) values (1, 26012023161601.xml, 2601202301175770358000110301052166236252015885110, 01, 030, 105, 216623625, 2023-01-26, , , bb, aa, 112, 2023-01-26 16:16:07, 0, 2023-01-26 16:16:07, , , , , FIRMADO, , , , 0, , public/Documentos/Firmados/2023/01/26/26012023161601.xml, , Firmado, 1, 100, 12, , 2023-01-26 16:40:33, 2023-01-26 16:40:33)) at /var/www/html/vendor/laravel/framework/src/Illuminate/Database/Connection.php:664, Doctrine\\DBAL\\Driver\\PDOException(code: 23000): SQLSTATE[23000]: Integrity constraint violation: 1048 Column 'usuario_modifica' cannot be null at /var/www/html/vendor/doctrine/dbal/lib/Doctrine/DBAL/Driver/PDOStatement.php:144, PDOException(code: 23000): SQLSTATE[23000]: Integrity constraint violation: 1048 Column 'usuario_modifica' cannot be null at /var/www/html/vendor/doctrine/dbal/lib/Doctrine/DBAL/Driver/PDOStatement.php:142)
[stacktrace]
#0 /var/www/html/vendor/laravel/framework/src/Illuminate/Database/Connection.php(624): Illuminate\\Database\\Connection->runQueryCallback()
#1 /var/www/html/vendor/laravel/framework/src/Illuminate/Database/Connection.php(459): Illuminate\\Database\\Connection->run()
#2 /var/www/html/vendor/laravel/framework/src/Illuminate/Database/Connection.php(411): Illuminate\\Database\\Connection->statement()
#3 /var/www/html/vendor/laravel/framework/src/Illuminate/Database/Query/Processors/Processor.php(32): Illuminate\\Database\\Connection->insert()
#4 /var/www/html/vendor/laravel/framework/src/Illuminate/Database/Query/Builder.php(2494): Illuminate\\Database\\Query\\Processors\\Processor->processInsertGetId()
#5 /var/www/html/vendor/laravel/framework/src/Illuminate/Database/Eloquent/Builder.php(1283): Illuminate\\Database\\Query\\Builder->insertGetId()
#6 /var/www/html/vendor/laravel/framework/src/Illuminate/Database/Eloquent/Model.php(787): Illuminate\\Database\\Eloquent\\Builder->__call()
#7 /var/www/html/vendor/laravel/framework/src/Illuminate/Database/Eloquent/Model.php(752): Illuminate\\Database\\Eloquent\\Model->insertAndSetId()
#8 /var/www/html/vendor/laravel/framework/src/Illuminate/Database/Eloquent/Model.php(615): Illuminate\\Database\\Eloquent\\Model->performInsert()
#9 /var/www/html/app/Http/Clases/DocumentoClass.php(270): Illuminate\\Database\\Eloquent\\Model->save()
#10 /var/www/html/app/Console/Commands/FirmarXml.php(103): App\\Http\\Clases\\DocumentoClass->verificarNoIngresado()
#11 [internal function]: App\\Console\\Commands\\FirmarXml->handle()
#12 /var/www/html/vendor/laravel/framework/src/Illuminate/Container/BoundMethod.php(29): call_user_func_array()
#13 /var/www/html/vendor/laravel/framework/src/Illuminate/Container/BoundMethod.php(87): Illuminate\\Container\\BoundMethod::Illuminate\\Container\\{closure}()
#14 /var/www/html/vendor/laravel/framework/src/Illuminate/Container/BoundMethod.php(31): Illuminate\\Container\\BoundMethod::callBoundMethod()
#15 /var/www/html/vendor/laravel/framework/src/Illuminate/Container/Container.php(564): Illuminate\\Container\\BoundMethod::call()
#16 /var/www/html/vendor/laravel/framework/src/Illuminate/Console/Command.php(184): Illuminate\\Container\\Container->call()
#17 /var/www/html/vendor/symfony/console/Command/Command.php(251): Illuminate\\Console\\Command->execute()
#18 /var/www/html/vendor/laravel/framework/src/Illuminate/Console/Command.php(171): Symfony\\Component\\Console\\Command\\Command->run()
#19 /var/www/html/vendor/symfony/console/Application.php(886): Illuminate\\Console\\Command->run()
#20 /var/www/html/vendor/symfony/console/Application.php(262): Symfony\\Component\\Console\\Application->doRunCommand()
#21 /var/www/html/vendor/symfony/console/Application.php(145): Symfony\\Component\\Console\\Application->doRun()
#22 /var/www/html/vendor/laravel/framework/src/Illuminate/Console/Application.php(89): Symfony\\Component\\Console\\Application->run()
#23 /var/www/html/vendor/laravel/framework/src/Illuminate/Foundation/Console/Kernel.php(122): Illuminate\\Console\\Application->run()
#24 /var/www/html/artisan(37): Illuminate\\Foundation\\Console\\Kernel->handle()
#25 {main}
"} 
[2023-01-26 16:43:24] local.INFO: array (
  'TIPO' => 'INFO GENERADA',
  'XML numero legal' => '26012023164324.xml',
)  
[2023-01-26 16:43:26] local.ERROR: SQLSTATE[23000]: Integrity constraint violation: 1048 Column 'usuario_modifica' cannot be null (SQL: insert into `documento_invalido` (`cliente_id`, `nombre_archivo`, `clave_acceso`, `cod_doc`, `estab`, `ptoEmi`, `secuencial`, `fecha_emision`, `codigo_principal`, `unidad_negocio`, `codigo_interno`, `cod_sociedad`, `valor_documento`, `fecha_firma`, `enviado_sri`, `fecha_envio_sri`, `enviado_mail`, `fecha_envio_mail`, `usuario_creacion`, `usuario_modifica`, `estado`, `mensaje_estado`, `numero_autorizacion`, `fecha_autorizacion`, `contingencia`, `migrado`, `path`, `html`, `estado_interno`, `pendiente_respuesta`, `subtotal`, `valor_iva`, `error`, `updated_at`, `created_at`) values (1, 26012023164029.xml, 2601202301175770358000110301052670229432015885111, 01, 030, 105, 267022943, 2023-01-26, , , bb, aa, 112, 2023-01-26 16:40:49, 0, 2023-01-26 16:40:49, , , , , FIRMADO, , , , 0, , public/Documentos/Firmados/2023/01/26/26012023164029.xml, , Firmado, 1, 100, 12, , 2023-01-26 16:43:26, 2023-01-26 16:43:26)) {"exception":"[object] (Illuminate\\Database\\QueryException(code: 23000): SQLSTATE[23000]: Integrity constraint violation: 1048 Column 'usuario_modifica' cannot be null (SQL: insert into `documento_invalido` (`cliente_id`, `nombre_archivo`, `clave_acceso`, `cod_doc`, `estab`, `ptoEmi`, `secuencial`, `fecha_emision`, `codigo_principal`, `unidad_negocio`, `codigo_interno`, `cod_sociedad`, `valor_documento`, `fecha_firma`, `enviado_sri`, `fecha_envio_sri`, `enviado_mail`, `fecha_envio_mail`, `usuario_creacion`, `usuario_modifica`, `estado`, `mensaje_estado`, `numero_autorizacion`, `fecha_autorizacion`, `contingencia`, `migrado`, `path`, `html`, `estado_interno`, `pendiente_respuesta`, `subtotal`, `valor_iva`, `error`, `updated_at`, `created_at`) values (1, 26012023164029.xml, 2601202301175770358000110301052670229432015885111, 01, 030, 105, 267022943, 2023-01-26, , , bb, aa, 112, 2023-01-26 16:40:49, 0, 2023-01-26 16:40:49, , , , , FIRMADO, , , , 0, , public/Documentos/Firmados/2023/01/26/26012023164029.xml, , Firmado, 1, 100, 12, , 2023-01-26 16:43:26, 2023-01-26 16:43:26)) at /var/www/html/vendor/laravel/framework/src/Illuminate/Database/Connection.php:664, Doctrine\\DBAL\\Driver\\PDOException(code: 23000): SQLSTATE[23000]: Integrity constraint violation: 1048 Column 'usuario_modifica' cannot be null at /var/www/html/vendor/doctrine/dbal/lib/Doctrine/DBAL/Driver/PDOStatement.php:144, PDOException(code: 23000): SQLSTATE[23000]: Integrity constraint violation: 1048 Column 'usuario_modifica' cannot be null at /var/www/html/vendor/doctrine/dbal/lib/Doctrine/DBAL/Driver/PDOStatement.php:142)
[stacktrace]
#0 /var/www/html/vendor/laravel/framework/src/Illuminate/Database/Connection.php(624): Illuminate\\Database\\Connection->runQueryCallback()
#1 /var/www/html/vendor/laravel/framework/src/Illuminate/Database/Connection.php(459): Illuminate\\Database\\Connection->run()
#2 /var/www/html/vendor/laravel/framework/src/Illuminate/Database/Connection.php(411): Illuminate\\Database\\Connection->statement()
#3 /var/www/html/vendor/laravel/framework/src/Illuminate/Database/Query/Processors/Processor.php(32): Illuminate\\Database\\Connection->insert()
#4 /var/www/html/vendor/laravel/framework/src/Illuminate/Database/Query/Builder.php(2494): Illuminate\\Database\\Query\\Processors\\Processor->processInsertGetId()
#5 /var/www/html/vendor/laravel/framework/src/Illuminate/Database/Eloquent/Builder.php(1283): Illuminate\\Database\\Query\\Builder->insertGetId()
#6 /var/www/html/vendor/laravel/framework/src/Illuminate/Database/Eloquent/Model.php(787): Illuminate\\Database\\Eloquent\\Builder->__call()
#7 /var/www/html/vendor/laravel/framework/src/Illuminate/Database/Eloquent/Model.php(752): Illuminate\\Database\\Eloquent\\Model->insertAndSetId()
#8 /var/www/html/vendor/laravel/framework/src/Illuminate/Database/Eloquent/Model.php(615): Illuminate\\Database\\Eloquent\\Model->performInsert()
#9 /var/www/html/app/Http/Clases/DocumentoClass.php(270): Illuminate\\Database\\Eloquent\\Model->save()
#10 /var/www/html/app/Console/Commands/FirmarXml.php(103): App\\Http\\Clases\\DocumentoClass->verificarNoIngresado()
#11 [internal function]: App\\Console\\Commands\\FirmarXml->handle()
#12 /var/www/html/vendor/laravel/framework/src/Illuminate/Container/BoundMethod.php(29): call_user_func_array()
#13 /var/www/html/vendor/laravel/framework/src/Illuminate/Container/BoundMethod.php(87): Illuminate\\Container\\BoundMethod::Illuminate\\Container\\{closure}()
#14 /var/www/html/vendor/laravel/framework/src/Illuminate/Container/BoundMethod.php(31): Illuminate\\Container\\BoundMethod::callBoundMethod()
#15 /var/www/html/vendor/laravel/framework/src/Illuminate/Container/Container.php(564): Illuminate\\Container\\BoundMethod::call()
#16 /var/www/html/vendor/laravel/framework/src/Illuminate/Console/Command.php(184): Illuminate\\Container\\Container->call()
#17 /var/www/html/vendor/symfony/console/Command/Command.php(251): Illuminate\\Console\\Command->execute()
#18 /var/www/html/vendor/laravel/framework/src/Illuminate/Console/Command.php(171): Symfony\\Component\\Console\\Command\\Command->run()
#19 /var/www/html/vendor/symfony/console/Application.php(886): Illuminate\\Console\\Command->run()
#20 /var/www/html/vendor/symfony/console/Application.php(262): Symfony\\Component\\Console\\Application->doRunCommand()
#21 /var/www/html/vendor/symfony/console/Application.php(145): Symfony\\Component\\Console\\Application->doRun()
#22 /var/www/html/vendor/laravel/framework/src/Illuminate/Console/Application.php(89): Symfony\\Component\\Console\\Application->run()
#23 /var/www/html/vendor/laravel/framework/src/Illuminate/Foundation/Console/Kernel.php(122): Illuminate\\Console\\Application->run()
#24 /var/www/html/artisan(37): Illuminate\\Foundation\\Console\\Kernel->handle()
#25 {main}
"} 
[2023-01-26 16:43:35] local.INFO: array (
  'TIPO' => 'INFO GENERADA',
  'XML numero legal' => '26012023164335.xml',
)  
[2023-01-26 16:44:26] local.INFO: array (
  'TIPO' => 'RESPUESTA SRI',
  'RESPUESTA' => 
  (object) array(
     'RespuestaRecepcionComprobante' => 
    (object) array(
       'estado' => 'RECIBIDA',
       'comprobantes' => 
      (object) array(
      ),
    ),
  ),
)  
